-------------------------------------------------------------------------------
Test set: com.ezen.persistence.DataInsertTest
-------------------------------------------------------------------------------
Tests run: 1, Failures: 0, Errors: 1, Skipped: 0, Time elapsed: 0.223 s <<< FAILURE! - in com.ezen.persistence.DataInsertTest
com.ezen.persistence.DataInsertTest  Time elapsed: 0.222 s  <<< ERROR!
java.lang.IllegalStateException: Unable to find a @SpringBootConfiguration, you need to use @ContextConfiguration or @SpringBootTest(classes=...) with your test

