-------------------------------------------------------------------------------
Test set: com.ezen.ProjectApplicationTests
-------------------------------------------------------------------------------
Tests run: 1, Failures: 0, Errors: 1, Skipped: 0, Time elapsed: 0.001 s <<< FAILURE! - in com.ezen.ProjectApplicationTests
com.ezen.ProjectApplicationTests  Time elapsed: 0.001 s  <<< ERROR!
java.lang.IllegalStateException: Unable to find a @SpringBootConfiguration, you need to use @ContextConfiguration or @SpringBootTest(classes=...) with your test

